<?xml version="1.0" encoding="UTF-8"?>
<testsuite xmlns:xsi="http://www.w3.org/2001/XMLSchema-instance" xsi:noNamespaceSchemaLocation="https://maven.apache.org/surefire/maven-surefire-plugin/xsd/surefire-test-report.xsd" name="fun.collin.minecraft.AppTest" time="0.033" tests="1" errors="0" skipped="0" failures="0">
  <properties>
    <property name="java.specification.version" value="15"/>
    <property name="sun.cpu.isalist" value="amd64"/>
    <property name="sun.jnu.encoding" value="Cp1252"/>
    <property name="java.class.path" value="c:\Users\mebec\Repos\test-chunk-generator\TestChunkGenerator\target\test-classes;c:\Users\mebec\Repos\test-chunk-generator\TestChunkGenerator\target\classes;C:\Users\mebec\.m2\repository\junit\junit\4.11\junit-4.11.jar;C:\Users\mebec\.m2\repository\org\hamcrest\hamcrest-core\1.3\hamcrest-core-1.3.jar;C:\Users\mebec\.m2\repository\org\spigotmc\spigot-api\1.16.3-R0.1-SNAPSHOT\spigot-api-1.16.3-R0.1-SNAPSHOT.jar;C:\Users\mebec\.m2\repository\commons-lang\commons-lang\2.6\commons-lang-2.6.jar;C:\Users\mebec\.m2\repository\com\google\guava\guava\21.0\guava-21.0.jar;C:\Users\mebec\.m2\repository\com\google\code\gson\gson\2.8.0\gson-2.8.0.jar;C:\Users\mebec\.m2\repository\net\md-5\bungeecord-chat\1.16-R0.3\bungeecord-chat-1.16-R0.3.jar;C:\Users\mebec\.m2\repository\org\yaml\snakeyaml\1.26\snakeyaml-1.26.jar;C:\Users\mebec\.m2\repository\nl\rutgerkok\worldgeneratorapi\0.5\worldgeneratorapi-0.5.jar;"/>
    <property name="java.vm.vendor" value="Oracle Corporation"/>
    <property name="sun.arch.data.model" value="64"/>
    <property name="user.variant" value=""/>
    <property name="java.vendor.url" value="https://java.oracle.com/"/>
    <property name="user.timezone" value="America/Los_Angeles"/>
    <property name="os.name" value="Windows 10"/>
    <property name="java.vm.specification.version" value="15"/>
    <property name="sun.java.launcher" value="SUN_STANDARD"/>
    <property name="user.country" value="US"/>
    <property name="sun.boot.library.path" value="C:\Users\mebec\jdk-15\bin"/>
    <property name="sun.java.command" value="C:\Users\mebec\AppData\Local\Temp\surefire15771412393961047079\surefirebooter5760719400974168571.jar C:\Users\mebec\AppData\Local\Temp\surefire15771412393961047079 2020-10-03T15-13-37_272-jvmRun1 surefire10152982114510144582tmp surefire_06870197004960420458tmp"/>
    <property name="jdk.debug" value="release"/>
    <property name="surefire.test.class.path" value="c:\Users\mebec\Repos\test-chunk-generator\TestChunkGenerator\target\test-classes;c:\Users\mebec\Repos\test-chunk-generator\TestChunkGenerator\target\classes;C:\Users\mebec\.m2\repository\junit\junit\4.11\junit-4.11.jar;C:\Users\mebec\.m2\repository\org\hamcrest\hamcrest-core\1.3\hamcrest-core-1.3.jar;C:\Users\mebec\.m2\repository\org\spigotmc\spigot-api\1.16.3-R0.1-SNAPSHOT\spigot-api-1.16.3-R0.1-SNAPSHOT.jar;C:\Users\mebec\.m2\repository\commons-lang\commons-lang\2.6\commons-lang-2.6.jar;C:\Users\mebec\.m2\repository\com\google\guava\guava\21.0\guava-21.0.jar;C:\Users\mebec\.m2\repository\com\google\code\gson\gson\2.8.0\gson-2.8.0.jar;C:\Users\mebec\.m2\repository\net\md-5\bungeecord-chat\1.16-R0.3\bungeecord-chat-1.16-R0.3.jar;C:\Users\mebec\.m2\repository\org\yaml\snakeyaml\1.26\snakeyaml-1.26.jar;C:\Users\mebec\.m2\repository\nl\rutgerkok\worldgeneratorapi\0.5\worldgeneratorapi-0.5.jar;"/>
    <property name="sun.cpu.endian" value="little"/>
    <property name="user.home" value="C:\Users\mebec"/>
    <property name="user.language" value="en"/>
    <property name="java.specification.vendor" value="Oracle Corporation"/>
    <property name="java.version.date" value="2020-09-15"/>
    <property name="java.home" value="C:\Users\mebec\jdk-15"/>
    <property name="file.separator" value="\"/>
    <property name="basedir" value="c:\Users\mebec\Repos\test-chunk-generator\TestChunkGenerator"/>
    <property name="java.vm.compressedOopsMode" value="Zero based"/>
    <property name="line.separator" value="&#10;"/>
    <property name="java.vm.specification.vendor" value="Oracle Corporation"/>
    <property name="java.specification.name" value="Java Platform API Specification"/>
    <property name="surefire.real.class.path" value="C:\Users\mebec\AppData\Local\Temp\surefire15771412393961047079\surefirebooter5760719400974168571.jar"/>
    <property name="user.script" value=""/>
    <property name="sun.management.compiler" value="HotSpot 64-Bit Tiered Compilers"/>
    <property name="java.runtime.version" value="15+36-1562"/>
    <property name="user.name" value="mebec"/>
    <property name="path.separator" value=";"/>
    <property name="os.version" value="10.0"/>
    <property name="java.runtime.name" value="OpenJDK Runtime Environment"/>
    <property name="file.encoding" value="Cp1252"/>
    <property name="java.vm.name" value="OpenJDK 64-Bit Server VM"/>
    <property name="localRepository" value="C:\Users\mebec\.m2\repository"/>
    <property name="java.vendor.url.bug" value="https://bugreport.java.com/bugreport/"/>
    <property name="java.io.tmpdir" value="C:\Users\mebec\AppData\Local\Temp\"/>
    <property name="java.version" value="15"/>
    <property name="user.dir" value="c:\Users\mebec\Repos\test-chunk-generator\TestChunkGenerator"/>
    <property name="os.arch" value="amd64"/>
    <property name="java.vm.specification.name" value="Java Virtual Machine Specification"/>
    <property name="sun.os.patch.level" value=""/>
    <property name="java.library.path" value="C:\Users\mebec\jdk-15\bin;C:\WINDOWS\Sun\Java\bin;C:\WINDOWS\system32;C:\WINDOWS;C:\Python38\Scripts\;C:\Python38\;C:\WINDOWS\system32;C:\WINDOWS;C:\WINDOWS\System32\Wbem;C:\WINDOWS\System32\WindowsPowerShell\v1.0\;C:\WINDOWS\System32\OpenSSH\;C:\Program Files\PuTTY\;C:\Program Files\Microsoft VS Code\bin;C:\Program Files\Amazon\AWSCLIV2\;C:\Program Files\Docker\Docker\resources\bin;C:\ProgramData\DockerDesktop\version-bin;C:\Program Files\Git\cmd;C:\Program Files\nodejs\;C:\ProgramData\chocolatey\bin;C:\Program Files\dotnet\;C:\Users\mebec\AppData\Local\Microsoft\WindowsApps;C:\Users\mebec\AppData\Roaming\npm;C:\Users\mebec\.dotnet\tools;C:\Users\mebec\jdk-15\bin;;."/>
    <property name="java.vm.info" value="mixed mode, sharing"/>
    <property name="java.vendor" value="Oracle Corporation"/>
    <property name="java.vm.version" value="15+36-1562"/>
    <property name="sun.io.unicode.encoding" value="UnicodeLittle"/>
    <property name="java.class.version" value="59.0"/>
  </properties>
  <testcase name="shouldAnswerWithTrue" classname="fun.collin.minecraft.AppTest" time="0.001"/>
</testsuite>